2023-05-18 22:45:37,003 - ERROR - Input file 'core_routing/input.json' not found.
2023-05-18 22:45:51,285 - ERROR - Input file 'core_routing/input.json' not found.
2023-05-18 22:46:25,915 - INFO - Changing directory to /tmp
2023-05-18 22:46:25,915 - INFO - Repo path is /tmp/NOC-135605_18-05-2023_22-46
2023-05-18 22:46:27,195 - INFO - No changes were made.
2023-05-18 22:46:48,217 - INFO - Changing directory to /tmp
2023-05-18 22:46:48,217 - INFO - Repo path is /tmp/NOC-135605_18-05-2023_22-46
2023-05-18 22:46:48,217 - INFO - Folder already exists
2023-05-18 22:46:48,226 - ERROR - Error executing Git commands.
2023-05-18 22:46:54,636 - INFO - Changing directory to /tmp
2023-05-18 22:46:54,637 - INFO - Repo path is /tmp/NOC-135605_18-05-2023_22-46
2023-05-18 22:46:54,637 - INFO - Folder already exists
2023-05-18 22:46:54,649 - ERROR - Error executing Git commands.
2023-05-18 22:47:11,161 - INFO - Changing directory to /tmp
2023-05-18 22:47:11,162 - INFO - Repo path is /tmp/NOC-135605_18-05-2023_22-47
2023-05-18 22:47:12,564 - INFO - Record _sip._udp.aaa, region sv2 updated to disabled.
2023-05-18 22:47:12,565 - INFO - Record _sip._udp.aaa, region dc6 updated to enabled.
2023-05-18 22:47:12,566 - INFO - Record _sip._udp.bbb, region sv2 updated to disabled.
2023-05-18 22:47:12,566 - INFO - Record _sip._udp.bbb, region dc6 updated to enabled.
2023-05-18 22:47:12,566 - INFO - Record _sip._udp.ccc, region sv2 updated to disabled.
2023-05-18 22:47:12,566 - INFO - Record _sip._udp.ccc, region dc6 updated to enabled.
2023-05-18 22:47:13,972 - ERROR - Configuration file 'config.yaml' not found.
2023-05-24 02:48:23,127 - INFO - Changing directory to /tmp
2023-05-24 02:48:23,127 - INFO - Repo path is /tmp/NOC-135605_24-05-2023_02-48
2023-05-24 02:48:24,798 - INFO - Record _sip._udp.aaa, region sv2 updated to enabled.
2023-05-24 02:48:24,799 - INFO - Record _sip._udp.aaa, region dc6 updated to disabled.
2023-05-24 02:48:24,799 - INFO - Record _sip._udp.bbb, region sv2 updated to enabled.
2023-05-24 02:48:24,799 - INFO - Record _sip._udp.bbb, region dc6 updated to disabled.
2023-05-24 02:48:24,799 - INFO - Record _sip._udp.ccc, region sv2 updated to enabled.
2023-05-24 02:48:24,799 - INFO - Record _sip._udp.ccc, region dc6 updated to disabled.
2023-05-24 02:48:26,323 - ERROR - Configuration file 'config.yaml' not found.
2023-06-22 08:37:36,896 - INFO - Changing directory to /tmp
2023-06-22 08:37:36,896 - INFO - Repo path is /tmp/NOC-135605_22-06-2023_08-37
2023-06-22 08:37:38,322 - ERROR - Records file '/tmp/NOC-135605_22-06-2023_08-37/p8t.us/subdomains/view-uk3/records.yml' not found.
